[Licensing::Module] Successfully connected to LicensingClient on channel: "LicenseClient-kotaro36" (connect: 0.00s, validation: 0.01s, handshake: 1.12s)
Entitlement-based licensing initiated
[LicensingClient] Licenses updated successfully

LICENSE SYSTEM [202123 23:22:9] Next license update check is after 2020-10-07T13:12:25


LICENSE SYSTEM [202123 23:22:9] Current license is already valid and activated. Skipping license activation process (Provided username/password will be ignored).
Built from '2020.1/staging' branch; Version is '2020.1.17f1 (9957aee8edc2) revision 10049454'; Using compiler version '192227905'; Build Type 'Release'
OS: 'Windows 10  (10.0.0) 64bit' Language: 'en' Physical Memory: 12247 MB
[Licensing::Module] Serial number assigned to: "SC-ZM2Q-CRV8-Q3JY-6853-XXXX"
BatchMode: 1, IsHumanControllingUs: 0, StartBugReporterOnCrash: 0, Is64bit: 1, IsPro: 1

 COMMAND LINE ARGUMENTS:
C:\Program Files\Unity\Hub\Editor\2020.1.17f1\Editor\Unity.exe
-adb2
-batchMode
-noUpm
-name
AssetImportWorker0
-projectPath
D:/Github.com/zutto-oreno-turn/playable
-logFile
Logs/AssetImportWorker0.log
-srvPort
58425
Successfully changed project path to: D:/Github.com/zutto-oreno-turn/playable
D:/Github.com/zutto-oreno-turn/playable
Using Asset Import Pipeline V2.
Refreshing native plugins compatible for Editor in 142.72 ms, found 2 plugins.
Preloading 0 native plugins for Editor in 0.00 ms.
Initialize engine version: 2020.1.17f1 (9957aee8edc2)
[Subsystems] Discovering subsystems at path C:/Program Files/Unity/Hub/Editor/2020.1.17f1/Editor/Data/Resources/UnitySubsystems
[Subsystems] Discovering subsystems at path D:/Github.com/zutto-oreno-turn/playable/Assets
GfxDevice: creating device client; threaded=0
Direct3D:
    Version:  Direct3D 11.0 [level 11.1]
    Renderer: NVIDIA GeForce RTX 2060 (ID=0x1e89)
    Vendor:   
    VRAM:     5967 MB
    Driver:   27.21.14.5751
Initialize mono
Mono path[0] = 'C:/Program Files/Unity/Hub/Editor/2020.1.17f1/Editor/Data/Managed'
Mono path[1] = 'C:/Program Files/Unity/Hub/Editor/2020.1.17f1/Editor/Data/MonoBleedingEdge/lib/mono/unityjit'
Mono config path = 'C:/Program Files/Unity/Hub/Editor/2020.1.17f1/Editor/Data/MonoBleedingEdge/etc'
Using monoOptions --debugger-agent=transport=dt_socket,embedding=1,server=y,suspend=n,address=127.0.0.1:56724
Begin MonoManager ReloadAssembly
Registering precompiled unity dll's ...
Register platform support module: C:/Program Files/Unity/Hub/Editor/2020.1.17f1/Editor/Data/PlaybackEngines/WindowsStandaloneSupport/UnityEditor.WindowsStandalone.Extensions.dll
Registered in 0.002715 seconds.
Native extension for WindowsStandalone target not found
Refreshing native plugins compatible for Editor in 133.24 ms, found 2 plugins.
Preloading 0 native plugins for Editor in 0.00 ms.
Mono: successfully reloaded assembly
- Completed reload, in  1.674 seconds
Registering precompiled user dll's ...
Registered in 0.254699 seconds.
Platform modules already initialized, skipping
Begin MonoManager ReloadAssembly
Native extension for WindowsStandalone target not found
Refreshing native plugins compatible for Editor in 141.25 ms, found 2 plugins.
Preloading 0 native plugins for Editor in 0.00 ms.
TypeManager.Initialize took: 337ms
Mono: successfully reloaded assembly
- Completed reload, in  3.433 seconds
Platform modules already initialized, skipping
========================================================================
Worker process is ready to serve import requests
Shader 'Universal Render Pipeline/Particles/Lit': fallback shader 'Universal Render Pipeline/Particles/SimpleLit' not found
Refreshing native plugins compatible for Editor in 1.20 ms, found 2 plugins.
Preloading 0 native plugins for Editor in 0.00 ms.
Unloading 4742 Unused Serialized files (Serialized files now loaded: 0)
System memory in use before: 184.2 MB.
System memory in use after: 182.8 MB.

Unloading 71 unused Assets to reduce memory usage. Loaded Objects now: 5092.
Total: 8.811300 ms (FindLiveObjects: 0.565600 ms CreateObjectMapping: 0.279000 ms MarkObjects: 6.813900 ms  DeleteObjects: 1.151200 ms)

========================================================================
Received Import Request.
  path: Assets/Playable/Scenes/Test.unity
  artifactKey: Guid(3ed123faecd004a4f8cb46f90943df4c) Importer(2089858483,b4928d63cba0eb686c52b1d693c2cc83)
Start importing Assets/Playable/Scenes/Test.unity using Guid(3ed123faecd004a4f8cb46f90943df4c) Importer(2089858483,b4928d63cba0eb686c52b1d693c2cc83) Opening scene 'Assets/Playable/Scenes/Test.unity additively'
Loaded scene 'Assets/Playable/Scenes/Test.unity'
	Deserialize:            25.337 ms
	Integration:            22.397 ms
	Integration of assets:  0.082 ms
	Thread Wait Time:       27.246 ms
	Total Operation Time:   75.061 ms
 -> (target hash: '96588db1a97c38942eb98c5fb0b4ae5b') in 0.166356 seconds
  Import took 0.183259 seconds .

========================================================================
Received Import Request.
  Time since last request: 0.119016 seconds.
  path: Assets/SceneDependencyCache/589305e5efc44849d65c00e3ada291b3.sceneWithBuildSettings
  artifactKey: Guid(589305e5efc44849d65c00e3ada291b3) Importer(2089858483,52bed625d08a7023a15481c3fbd73797)
Start importing Assets/SceneDependencyCache/589305e5efc44849d65c00e3ada291b3.sceneWithBuildSettings using Guid(589305e5efc44849d65c00e3ada291b3) Importer(2089858483,52bed625d08a7023a15481c3fbd73797) Opening scene 'Assets/Playable/Scenes/Test.unity additively'
Loaded scene 'Assets/Playable/Scenes/Test.unity'
	Deserialize:            18.872 ms
	Integration:            3.849 ms
	Integration of assets:  0.077 ms
	Thread Wait Time:       22.670 ms
	Total Operation Time:   45.468 ms
Exported Asset: 00557948814883e01a4f14dbdef65b30 = Assets/Playable/Sprites/Square.png
UnityEngine.DebugLogHandler:Internal_Log(LogType, LogOption, String, Object)
UnityEngine.DebugLogHandler:LogFormat(LogType, Object, String, Object[])
Unity.Entities.Conversion.JournalingUnityLogger:LogFormat(LogType, Object, String, Object[]) (at Library\PackageCache\com.unity.entities@0.17.0-preview.41\Unity.Entities.Hybrid\GameObjectConversion\JournalingUnityLogger.cs:41)
UnityEngine.Logger:Log(LogType, Object)
UnityEngine.Debug:Log(Object)
Unity.Entities.GameObjectConversionSettings:TryCreateAssetExportWriter(Object) (at Library\PackageCache\com.unity.entities@0.17.0-preview.41\Unity.Entities.Hybrid\GameObjectConversion\GameObjectConversionSettings.cs:197)
Unity.Entities.Conversion.GameObjectConversionMappingSystem:TryCreateAssetExportWriter(Object) (at Library\PackageCache\com.unity.entities@0.17.0-preview.41\Unity.Entities.Hybrid\GameObjectConversion\GameObjectConversionMappingSystem.cs:954)
GameObjectConversionSystem:TryCreateAssetExportWriter(Object) (at Library\PackageCache\com.unity.entities@0.17.0-preview.41\Unity.Entities.Hybrid\GameObjectConversion\GameObjectConversionSystem.cs:327)
Unity.TinyConversion.ExportTexture2DAsset:<OnUpdate>b__1_0(Texture2D) (at Library\PackageCache\com.unity.tiny@0.32.0-preview.54\Unity.Tiny.Image2D.Authoring\ConvertTexture2DAsset.cs:100)
Unity.Entities.EntityQueryBuilder:ForEach(F_C`1) (at Library\PackageCache\com.unity.entities@0.17.0-preview.41\Unity.Entities\EntityQueryBuilder_ForEach.gen.cs:230)
Unity.TinyConversion.ExportTexture2DAsset:OnUpdate() (at Library\PackageCache\com.unity.tiny@0.32.0-preview.54\Unity.Tiny.Image2D.Authoring\ConvertTexture2DAsset.cs:98)
Unity.Entities.ComponentSystem:Update() (at Library\PackageCache\com.unity.entities@0.17.0-preview.41\Unity.Entities\ComponentSystem.cs:114)
Unity.Entities.ComponentSystemGroup:UpdateAllSystems() (at Library\PackageCache\com.unity.entities@0.17.0-preview.41\Unity.Entities\ComponentSystemGroup.cs:472)
Unity.Entities.ComponentSystemGroup:OnUpdate() (at Library\PackageCache\com.unity.entities@0.17.0-preview.41\Unity.Entities\ComponentSystemGroup.cs:417)
Unity.Entities.ComponentSystem:Update() (at Library\PackageCache\com.unity.entities@0.17.0-preview.41\Unity.Entities\ComponentSystem.cs:114)
Unity.Entities.GameObjectConversionUtility:Convert(World) (at Library\PackageCache\com.unity.entities@0.17.0-preview.41\Unity.Entities.Hybrid\GameObjectConversion\GameObjectConversionUtility.cs:168)
Unity.Entities.GameObjectConversionUtility:ConvertScene(Scene, GameObjectConversionSettings) (at Library\PackageCache\com.unity.entities@0.17.0-preview.41\Unity.Entities.Hybrid\GameObjectConversion\GameObjectConversionUtility.cs:300)
Unity.Scenes.Editor.EditorEntityScenes:ConvertAndWriteEntityScene(Scene, GameObjectConversionSettings, List`1, WriteEntitySceneSettings) (at Library\PackageCache\com.unity.entities@0.17.0-preview.41\Unity.Scenes.Editor\EditorEntityScenes.cs:164)
Unity.Scenes.Editor.SubSceneImporter:OnImportAsset(AssetImportContext) (at Library\PackageCache\com.unity.entities@0.17.0-preview.41\Unity.Scenes.Editor\SubSceneImporter.cs:144)
UnityEditor.Experimental.AssetImporters.ScriptedImporter:GenerateAssetData(AssetImportContext)
 
(Filename: Library/PackageCache/com.unity.entities@0.17.0-preview.41/Unity.Entities.Hybrid/GameObjectConversion/JournalingUnityLogger.cs Line: 41)

Launched and connected shader compiler UnityShaderCompiler.exe after 0.04 seconds
Exported Asset: 0f9fd9960d4e33f55a3f15a061803a8d = Assets/Playable/Sprites/Ohara.png
UnityEngine.DebugLogHandler:Internal_Log(LogType, LogOption, String, Object)
UnityEngine.DebugLogHandler:LogFormat(LogType, Object, String, Object[])
Unity.Entities.Conversion.JournalingUnityLogger:LogFormat(LogType, Object, String, Object[]) (at Library\PackageCache\com.unity.entities@0.17.0-preview.41\Unity.Entities.Hybrid\GameObjectConversion\JournalingUnityLogger.cs:41)
UnityEngine.Logger:Log(LogType, Object)
UnityEngine.Debug:Log(Object)
Unity.Entities.GameObjectConversionSettings:TryCreateAssetExportWriter(Object) (at Library\PackageCache\com.unity.entities@0.17.0-preview.41\Unity.Entities.Hybrid\GameObjectConversion\GameObjectConversionSettings.cs:197)
Unity.Entities.Conversion.GameObjectConversionMappingSystem:TryCreateAssetExportWriter(Object) (at Library\PackageCache\com.unity.entities@0.17.0-preview.41\Unity.Entities.Hybrid\GameObjectConversion\GameObjectConversionMappingSystem.cs:954)
GameObjectConversionSystem:TryCreateAssetExportWriter(Object) (at Library\PackageCache\com.unity.entities@0.17.0-preview.41\Unity.Entities.Hybrid\GameObjectConversion\GameObjectConversionSystem.cs:327)
Unity.TinyConversion.ExportTexture2DAsset:<OnUpdate>b__1_0(Texture2D) (at Library\PackageCache\com.unity.tiny@0.32.0-preview.54\Unity.Tiny.Image2D.Authoring\ConvertTexture2DAsset.cs:100)
Unity.Entities.EntityQueryBuilder:ForEach(F_C`1) (at Library\PackageCache\com.unity.entities@0.17.0-preview.41\Unity.Entities\EntityQueryBuilder_ForEach.gen.cs:230)
Unity.TinyConversion.ExportTexture2DAsset:OnUpdate() (at Library\PackageCache\com.unity.tiny@0.32.0-preview.54\Unity.Tiny.Image2D.Authoring\ConvertTexture2DAsset.cs:98)
Unity.Entities.ComponentSystem:Update() (at Library\PackageCache\com.unity.entities@0.17.0-preview.41\Unity.Entities\ComponentSystem.cs:114)
Unity.Entities.ComponentSystemGroup:UpdateAllSystems() (at Library\PackageCache\com.unity.entities@0.17.0-preview.41\Unity.Entities\ComponentSystemGroup.cs:472)
Unity.Entities.ComponentSystemGroup:OnUpdate() (at Library\PackageCache\com.unity.entities@0.17.0-preview.41\Unity.Entities\ComponentSystemGroup.cs:417)
Unity.Entities.ComponentSystem:Update() (at Library\PackageCache\com.unity.entities@0.17.0-preview.41\Unity.Entities\ComponentSystem.cs:114)
Unity.Entities.GameObjectConversionUtility:Convert(World) (at Library\PackageCache\com.unity.entities@0.17.0-preview.41\Unity.Entities.Hybrid\GameObjectConversion\GameObjectConversionUtility.cs:168)
Unity.Entities.GameObjectConversionUtility:ConvertScene(Scene, GameObjectConversionSettings) (at Library\PackageCache\com.unity.entities@0.17.0-preview.41\Unity.Entities.Hybrid\GameObjectConversion\GameObjectConversionUtility.cs:300)
Unity.Scenes.Editor.EditorEntityScenes:ConvertAndWriteEntityScene(Scene, GameObjectConversionSettings, List`1, WriteEntitySceneSettings) (at Library\PackageCache\com.unity.entities@0.17.0-preview.41\Unity.Scenes.Editor\EditorEntityScenes.cs:164)
Unity.Scenes.Editor.SubSceneImporter:OnImportAsset(AssetImportContext) (at Library\PackageCache\com.unity.entities@0.17.0-preview.41\Unity.Scenes.Editor\SubSceneImporter.cs:144)
UnityEditor.Experimental.AssetImporters.ScriptedImporter:GenerateAssetData(AssetImportContext)
 
(Filename: Library/PackageCache/com.unity.entities@0.17.0-preview.41/Unity.Entities.Hybrid/GameObjectConversion/JournalingUnityLogger.cs Line: 41)

Exported Asset: 2539908272aa63c472bd2c49aa4ae272 = Assets/NYAN_dots/Sprites/Move/Walk/White_Walk1.png
UnityEngine.DebugLogHandler:Internal_Log(LogType, LogOption, String, Object)
UnityEngine.DebugLogHandler:LogFormat(LogType, Object, String, Object[])
Unity.Entities.Conversion.JournalingUnityLogger:LogFormat(LogType, Object, String, Object[]) (at Library\PackageCache\com.unity.entities@0.17.0-preview.41\Unity.Entities.Hybrid\GameObjectConversion\JournalingUnityLogger.cs:41)
UnityEngine.Logger:Log(LogType, Object)
UnityEngine.Debug:Log(Object)
Unity.Entities.GameObjectConversionSettings:TryCreateAssetExportWriter(Object) (at Library\PackageCache\com.unity.entities@0.17.0-preview.41\Unity.Entities.Hybrid\GameObjectConversion\GameObjectConversionSettings.cs:197)
Unity.Entities.Conversion.GameObjectConversionMappingSystem:TryCreateAssetExportWriter(Object) (at Library\PackageCache\com.unity.entities@0.17.0-preview.41\Unity.Entities.Hybrid\GameObjectConversion\GameObjectConversionMappingSystem.cs:954)
GameObjectConversionSystem:TryCreateAssetExportWriter(Object) (at Library\PackageCache\com.unity.entities@0.17.0-preview.41\Unity.Entities.Hybrid\GameObjectConversion\GameObjectConversionSystem.cs:327)
Unity.TinyConversion.ExportTexture2DAsset:<OnUpdate>b__1_0(Texture2D) (at Library\PackageCache\com.unity.tiny@0.32.0-preview.54\Unity.Tiny.Image2D.Authoring\ConvertTexture2DAsset.cs:100)
Unity.Entities.EntityQueryBuilder:ForEach(F_C`1) (at Library\PackageCache\com.unity.entities@0.17.0-preview.41\Unity.Entities\EntityQueryBuilder_ForEach.gen.cs:230)
Unity.TinyConversion.ExportTexture2DAsset:OnUpdate() (at Library\PackageCache\com.unity.tiny@0.32.0-preview.54\Unity.Tiny.Image2D.Authoring\ConvertTexture2DAsset.cs:98)
Unity.Entities.ComponentSystem:Update() (at Library\PackageCache\com.unity.entities@0.17.0-preview.41\Unity.Entities\ComponentSystem.cs:114)
Unity.Entities.ComponentSystemGroup:UpdateAllSystems() (at Library\PackageCache\com.unity.entities@0.17.0-preview.41\Unity.Entities\ComponentSystemGroup.cs:472)
Unity.Entities.ComponentSystemGroup:OnUpdate() (at Library\PackageCache\com.unity.entities@0.17.0-preview.41\Unity.Entities\ComponentSystemGroup.cs:417)
Unity.Entities.ComponentSystem:Update() (at Library\PackageCache\com.unity.entities@0.17.0-preview.41\Unity.Entities\ComponentSystem.cs:114)
Unity.Entities.GameObjectConversionUtility:Convert(World) (at Library\PackageCache\com.unity.entities@0.17.0-preview.41\Unity.Entities.Hybrid\GameObjectConversion\GameObjectConversionUtility.cs:168)
Unity.Entities.GameObjectConversionUtility:ConvertScene(Scene, GameObjectConversionSettings) (at Library\PackageCache\com.unity.entities@0.17.0-preview.41\Unity.Entities.Hybrid\GameObjectConversion\GameObjectConversionUtility.cs:300)
Unity.Scenes.Editor.EditorEntityScenes:ConvertAndWriteEntityScene(Scene, GameObjectConversionSettings, List`1, WriteEntitySceneSettings) (at Library\PackageCache\com.unity.entities@0.17.0-preview.41\Unity.Scenes.Editor\EditorEntityScenes.cs:164)
Unity.Scenes.Editor.SubSceneImporter:OnImportAsset(AssetImportContext) (at Library\PackageCache\com.unity.entities@0.17.0-preview.41\Unity.Scenes.Editor\SubSceneImporter.cs:144)
UnityEditor.Experimental.AssetImporters.ScriptedImporter:GenerateAssetData(AssetImportContext)
 
(Filename: Library/PackageCache/com.unity.entities@0.17.0-preview.41/Unity.Entities.Hybrid/GameObjectConversion/JournalingUnityLogger.cs Line: 41)

Import of asset 'Assets/SceneDependencyCache/589305e5efc44849d65c00e3ada291b3.sceneWithBuildSettings' setup artifact dependency to 'Packages/com.unity.burst/Runtime/Unity.Burst.asmdef' but dependency isn't used and therefore not registered in the asset database. 
(Filename: C:\buildslave\unity\build\Modules/AssetDatabase/Editor/V2/AssetVersionBuilder.cpp Line: 430)

Import of asset 'Assets/SceneDependencyCache/589305e5efc44849d65c00e3ada291b3.sceneWithBuildSettings' setup artifact dependency to 'Packages/com.unity.jobs/Unity.Jobs/Unity.Jobs.asmdef' but dependency isn't used and therefore not registered in the asset database. 
(Filename: C:\buildslave\unity\build\Modules/AssetDatabase/Editor/V2/AssetVersionBuilder.cpp Line: 430)

Import of asset 'Assets/SceneDependencyCache/589305e5efc44849d65c00e3ada291b3.sceneWithBuildSettings' setup artifact dependency to 'Packages/com.unity.dots.runtime/Unity.Entities.Runtime/Unity.Entities.Runtime.asmdef' but dependency isn't used and therefore not registered in the asset database. 
(Filename: C:\buildslave\unity\build\Modules/AssetDatabase/Editor/V2/AssetVersionBuilder.cpp Line: 430)

Import of asset 'Assets/SceneDependencyCache/589305e5efc44849d65c00e3ada291b3.sceneWithBuildSettings' setup artifact dependency to 'Packages/com.unity.collections/Unity.Collections/Unity.Collections.asmdef' but dependency isn't used and therefore not registered in the asset database. 
(Filename: C:\buildslave\unity\build\Modules/AssetDatabase/Editor/V2/AssetVersionBuilder.cpp Line: 430)

Import of asset 'Assets/SceneDependencyCache/589305e5efc44849d65c00e3ada291b3.sceneWithBuildSettings' setup artifact dependency to 'Packages/com.unity.tiny/Unity.Tiny.Core/Unity.Tiny.Core.asmdef' but dependency isn't used and therefore not registered in the asset database. 
(Filename: C:\buildslave\unity\build\Modules/AssetDatabase/Editor/V2/AssetVersionBuilder.cpp Line: 430)

Import of asset 'Assets/SceneDependencyCache/589305e5efc44849d65c00e3ada291b3.sceneWithBuildSettings' setup artifact dependency to 'Packages/com.unity.properties/Runtime/Unity.Properties/Unity.Properties.asmdef' but dependency isn't used and therefore not registered in the asset database. 
(Filename: C:\buildslave\unity\build\Modules/AssetDatabase/Editor/V2/AssetVersionBuilder.cpp Line: 430)

Import of asset 'Assets/SceneDependencyCache/589305e5efc44849d65c00e3ada291b3.sceneWithBuildSettings' setup artifact dependency to 'Packages/com.unity.entities/Unity.Scenes/Unity.Scenes.asmdef' but dependency isn't used and therefore not registered in the asset database. 
(Filename: C:\buildslave\unity\build\Modules/AssetDatabase/Editor/V2/AssetVersionBuilder.cpp Line: 430)

Import of asset 'Assets/SceneDependencyCache/589305e5efc44849d65c00e3ada291b3.sceneWithBuildSettings' setup artifact dependency to 'Packages/com.unity.tiny/Unity.Tiny.Rendering/Unity.Tiny.Rendering.asmdef' but dependency isn't used and therefore not registered in the asset database. 
(Filename: C:\buildslave\unity\build\Modules/AssetDatabase/Editor/V2/AssetVersionBuilder.cpp Line: 430)

Import of asset 'Assets/SceneDependencyCache/589305e5efc44849d65c00e3ada291b3.sceneWithBuildSettings' setup artifact dependency to 'Packages/com.unity.tiny/Unity.Tiny.Input/Unity.Tiny.Input.asmdef' but dependency isn't used and therefore not registered in the asset database. 
(Filename: C:\buildslave\unity\build\Modules/AssetDatabase/Editor/V2/AssetVersionBuilder.cpp Line: 430)

Import of asset 'Assets/SceneDependencyCache/589305e5efc44849d65c00e3ada291b3.sceneWithBuildSettings' setup artifact dependency to 'Packages/com.unity.entities/Unity.Mathematics.Extensions/Unity.Mathematics.Extensions.asmdef' but dependency isn't used and therefore not registered in the asset database. 
(Filename: C:\buildslave\unity\build\Modules/AssetDatabase/Editor/V2/AssetVersionBuilder.cpp Line: 430)

Import of asset 'Assets/SceneDependencyCache/589305e5efc44849d65c00e3ada291b3.sceneWithBuildSettings' setup artifact dependency to 'Packages/com.unity.tiny/Unity.Tiny.Image2D/Unity.Tiny.Image2D.asmdef' but dependency isn't used and therefore not registered in the asset database. 
(Filename: C:\buildslave\unity\build\Modules/AssetDatabase/Editor/V2/AssetVersionBuilder.cpp Line: 430)

Import of asset 'Assets/SceneDependencyCache/589305e5efc44849d65c00e3ada291b3.sceneWithBuildSettings' setup artifact dependency to 'Packages/com.unity.tiny/Unity.Tiny.Text/Unity.Tiny.Text.asmdef' but dependency isn't used and therefore not registered in the asset database. 
(Filename: C:\buildslave\unity\build\Modules/AssetDatabase/Editor/V2/AssetVersionBuilder.cpp Line: 430)

Import of asset 'Assets/SceneDependencyCache/589305e5efc44849d65c00e3ada291b3.sceneWithBuildSettings' setup artifact dependency to 'Packages/com.unity.properties/Runtime/Unity.Properties.Reflection/Unity.Properties.Reflection.asmdef' but dependency isn't used and therefore not registered in the asset database. 
(Filename: C:\buildslave\unity\build\Modules/AssetDatabase/Editor/V2/AssetVersionBuilder.cpp Line: 430)

Import of asset 'Assets/SceneDependencyCache/589305e5efc44849d65c00e3ada291b3.sceneWithBuildSettings' setup artifact dependency to 'Packages/com.unity.serialization/Runtime/Unity.Serialization/Unity.Serialization.asmdef' but dependency isn't used and therefore not registered in the asset database. 
(Filename: C:\buildslave\unity\build\Modules/AssetDatabase/Editor/V2/AssetVersionBuilder.cpp Line: 430)

Import of asset 'Assets/SceneDependencyCache/589305e5efc44849d65c00e3ada291b3.sceneWithBuildSettings' setup artifact dependency to 'Packages/com.unity.tiny/Unity.Tiny.RendererExtras/Unity.Tiny.RendererExtras.asmdef' but dependency isn't used and therefore not registered in the asset database. 
(Filename: C:\buildslave\unity\build\Modules/AssetDatabase/Editor/V2/AssetVersionBuilder.cpp Line: 430)

Import of asset 'Assets/SceneDependencyCache/589305e5efc44849d65c00e3ada291b3.sceneWithBuildSettings' setup artifact dependency to 'Packages/com.unity.mathematics/Unity.Mathematics/Unity.Mathematics.asmdef' but dependency isn't used and therefore not registered in the asset database. 
(Filename: C:\buildslave\unity\build\Modules/AssetDatabase/Editor/V2/AssetVersionBuilder.cpp Line: 430)

Import of asset 'Assets/SceneDependencyCache/589305e5efc44849d65c00e3ada291b3.sceneWithBuildSettings' setup artifact dependency to 'Packages/com.unity.tiny/Unity.Tiny.Rendering.Native/Unity.Tiny.Rendering.Native.asmdef' but dependency isn't used and therefore not registered in the asset database. 
(Filename: C:\buildslave\unity\build\Modules/AssetDatabase/Editor/V2/AssetVersionBuilder.cpp Line: 430)

Import of asset 'Assets/SceneDependencyCache/589305e5efc44849d65c00e3ada291b3.sceneWithBuildSettings' setup artifact dependency to 'Packages/com.unity.tiny.web/Runtime/Unity.Tiny.Image2D.Web/Unity.Tiny.Image2D.Web.asmdef' but dependency isn't used and therefore not registered in the asset database. 
(Filename: C:\buildslave\unity\build\Modules/AssetDatabase/Editor/V2/AssetVersionBuilder.cpp Line: 430)

Import of asset 'Assets/SceneDependencyCache/589305e5efc44849d65c00e3ada291b3.sceneWithBuildSettings' setup artifact dependency to 'Packages/com.unity.entities/Unity.Entities/Unity.Entities.asmdef' but dependency isn't used and therefore not registered in the asset database. 
(Filename: C:\buildslave\unity\build\Modules/AssetDatabase/Editor/V2/AssetVersionBuilder.cpp Line: 430)

Import of asset 'Assets/SceneDependencyCache/589305e5efc44849d65c00e3ada291b3.sceneWithBuildSettings' setup artifact dependency to 'Packages/com.unity.entities/Unity.Transforms/Unity.Transforms.asmdef' but dependency isn't used and therefore not registered in the asset database. 
(Filename: C:\buildslave\unity\build\Modules/AssetDatabase/Editor/V2/AssetVersionBuilder.cpp Line: 430)

Import of asset 'Assets/SceneDependencyCache/589305e5efc44849d65c00e3ada291b3.sceneWithBuildSettings' setup artifact dependency to 'Packages/com.unity.platforms/Runtime/Unity.Platforms.Common/Unity.Platforms.Common.asmdef' but dependency isn't used and therefore not registered in the asset database. 
(Filename: C:\buildslave\unity\build\Modules/AssetDatabase/Editor/V2/AssetVersionBuilder.cpp Line: 430)

Import of asset 'Assets/SceneDependencyCache/589305e5efc44849d65c00e3ada291b3.sceneWithBuildSettings' setup artifact dependency to 'Packages/com.unity.tiny/Unity.Tiny.UI/Unity.Tiny.UI.asmdef' but dependency isn't used and therefore not registered in the asset database. 
(Filename: C:\buildslave\unity\build\Modules/AssetDatabase/Editor/V2/AssetVersionBuilder.cpp Line: 430)

 -> (target hash: '0665c8de3a33fd97364645dde77a06b6') in 2.530572 seconds
  Import took 2.545711 seconds .

AssetImportWorkerClient::OnTransportError - code=2 error=End of file
